<?xml version="1.0" encoding="UTF-8" ?>
<testsuite tests="2" failures="0" name="com.creativewidgetworks.goldparser.engine.enums.LRActionTypeTest" time="0" errors="0" skipped="0">
  <properties>
    <property name="java.runtime.name" value="Java(TM) SE Runtime Environment"/>
    <property name="sun.boot.library.path" value="E:\platforms\wildfly10\follett\jdk\jre\bin"/>
    <property name="java.vm.version" value="25.131-b11"/>
    <property name="maven.wagon.http.ssl.insecure" value="true"/>
    <property name="java.vm.vendor" value="Oracle Corporation"/>
    <property name="maven.multiModuleProjectDirectory" value="e:\projects\goldengine"/>
    <property name="java.vendor.url" value="http://java.oracle.com/"/>
    <property name="path.separator" value=";"/>
    <property name="guice.disable.misplaced.annotation.check" value="true"/>
    <property name="java.vm.name" value="Java HotSpot(TM) 64-Bit Server VM"/>
    <property name="file.encoding.pkg" value="sun.io"/>
    <property name="user.script" value=""/>
    <property name="user.country" value="US"/>
    <property name="sun.java.launcher" value="SUN_STANDARD"/>
    <property name="sun.os.patch.level" value="Service Pack 1"/>
    <property name="java.vm.specification.name" value="Java Virtual Machine Specification"/>
    <property name="user.dir" value="e:\projects\goldengine"/>
    <property name="java.runtime.version" value="1.8.0_131-b11"/>
    <property name="java.awt.graphicsenv" value="sun.awt.Win32GraphicsEnvironment"/>
    <property name="java.endorsed.dirs" value="E:\platforms\wildfly10\follett\jdk\jre\lib\endorsed"/>
    <property name="os.arch" value="amd64"/>
    <property name="java.io.tmpdir" value="C:\Users\riden\AppData\Local\Temp\"/>
    <property name="line.separator" value="
"/>
    <property name="java.vm.specification.vendor" value="Oracle Corporation"/>
    <property name="user.variant" value=""/>
    <property name="os.name" value="Windows 7"/>
    <property name="classworlds.conf" value="e:\tools\common\apache-maven-3.3.3\bin\m2.conf"/>
    <property name="sun.jnu.encoding" value="Cp1252"/>
    <property name="java.library.path" value="E:\platforms\wildfly10\follett\jdk\bin;C:\Windows\Sun\Java\bin;C:\Windows\system32;C:\Windows;E:\platforms\wildfly10\follett\jdk\bin;e:\tools\destiny-rostering\eclipse;e:\tools\common\apache-maven-3.3.3\bin;e:\tools\gradle-2.11\bin;C:\ProgramData\Oracle\Java\javapath;%PYTHONHOME%;e:\tools\gradle-2.11\bin;E:\tools\sonar-scanner-2.5\bin;C:\Users\riden\AppData\Roaming\npm;C:\Program Files\RSA SecurID Token Common;e:\projects\new-destiny\bin;e:\tools\common\bin;e:\tools\common\WinMerge;e:\tools\common\apache-maven-3.3.3\bin;e:\tools\common\apache-ant-1.6.2\bin;e:\tools\common\java7_64\bin;e:\tools\common\subversion\bin;C:\Users\riden\AppData\Local\Atlassian\SourceTree\git_local\bin;C:\Program Files (x86)\Intel\iCLS Client\;C:\Program Files\Intel\iCLS Client\;C:\Program Files\Dell\DW WLAN Card;C:\Program Files (x86)\NVIDIA Corporation\PhysX\Common;C:\Windows\system32;C:\Windows;C:\Windows\System32\Wbem;C:\Windows\System32\WindowsPowerShell\v1.0\;C:\Program Files\WIDCOMM\Bluetooth Software\;C:\Program Files\WIDCOMM\Bluetooth Software\syswow64;C:\Program Files\Intel\Intel(R) Management Engine Components\DAL;C:\Program Files\Intel\Intel(R) Management Engine Components\IPT;C:\Program Files (x86)\Intel\Intel(R) Management Engine Components\DAL;C:\Program Files (x86)\Intel\Intel(R) Management Engine Components\IPT;C:\Program Files (x86)\Unified Messaging Client;G:\tools\common\subversion\bin;C:\Program Files (x86)\Gow\bin;C:\Program Files (x86)\GNU\GnuPG\pub;C:\Program Files (x86)\Notepad++;C:\Program Files\SourceGear\Common\DiffMerge\;C:\Program Files (x86)\Windows Kits\8.0\Windows Performance Toolkit\;C:\Program Files\TortoiseSVN\bin;C:\Program Files\Microsoft SQL Server\110\DTS\Binn\;C:\Program Files (x86)\Microsoft SQL Server\110\Tools\Binn\;C:\Program Files\Microsoft SQL Server\110\Tools\Binn\;C:\Program Files (x86)\Microsoft SQL Server\110\Tools\Binn\ManagementStudio\;C:\Program Files (x86)\Microsoft Visual Studio 10.0\Common7\IDE\PrivateAssemblies\;C:\Program Files (x86)\Microsoft SQL Server\110\DTS\Binn\;C:\Program Files\Microsoft SQL Server\Client SDK\ODBC\110\Tools\Binn\;C:\Program Files (x86)\Microsoft SQL Server\120\Tools\Binn\;C:\Program Files\Microsoft SQL Server\120\Tools\Binn\;C:\Program Files\Microsoft SQL Server\120\DTS\Binn\;C:\Program Files (x86)\Microsoft SQL Server\120\Tools\Binn\ManagementStudio\;C:\Program Files (x86)\Microsoft SQL Server\120\DTS\Binn\;C:\Windows\System32\WindowsPowerShell\v1.0\;C:\Program Files\Git\cmd;C:\Program Files (x86)\Common Files\Acronis\SnapAPI\;C:\Program Files\TortoiseGit\bin;C:\Program Files (x86)\Skype\Phone\;C:\Windows\System32\WindowsPowerShell\v1.0\;C:\Program Files\nodejs\;C:\Users\riden\AppData\Local\Programs\Python\Launcher\;C:\Program Files (x86)\CVSNT\;C:\Program Files\Docker Toolbox;C:\Program Files\nodejs;C:\Program Files\Microsoft VS Code\bin;C:\Users\riden\AppData\Roaming\npm;.;;."/>
    <property name="java.specification.name" value="Java Platform API Specification"/>
    <property name="java.class.version" value="52.0"/>
    <property name="sun.management.compiler" value="HotSpot 64-Bit Tiered Compilers"/>
    <property name="maven.wagon.http.ssl.allowall" value="true"/>
    <property name="os.version" value="6.1"/>
    <property name="user.home" value="C:\Users\riden"/>
    <property name="user.timezone" value="America/Chicago"/>
    <property name="java.awt.printerjob" value="sun.awt.windows.WPrinterJob"/>
    <property name="java.specification.version" value="1.8"/>
    <property name="file.encoding" value="Cp1252"/>
    <property name="user.name" value="riden"/>
    <property name="java.class.path" value="e:\tools\common\apache-maven-3.3.3\boot\plexus-classworlds-2.5.2.jar"/>
    <property name="java.vm.specification.version" value="1.8"/>
    <property name="sun.arch.data.model" value="64"/>
    <property name="java.home" value="E:\platforms\wildfly10\follett\jdk\jre"/>
    <property name="sun.java.command" value="org.codehaus.plexus.classworlds.launcher.Launcher clean install"/>
    <property name="java.specification.vendor" value="Oracle Corporation"/>
    <property name="user.language" value="en"/>
    <property name="awt.toolkit" value="sun.awt.windows.WToolkit"/>
    <property name="java.vm.info" value="mixed mode"/>
    <property name="java.version" value="1.8.0_131"/>
    <property name="java.ext.dirs" value="E:\platforms\wildfly10\follett\jdk\jre\lib\ext;C:\Windows\Sun\Java\lib\ext"/>
    <property name="sun.boot.class.path" value="E:\platforms\wildfly10\follett\jdk\jre\lib\resources.jar;E:\platforms\wildfly10\follett\jdk\jre\lib\rt.jar;E:\platforms\wildfly10\follett\jdk\jre\lib\sunrsasign.jar;E:\platforms\wildfly10\follett\jdk\jre\lib\jsse.jar;E:\platforms\wildfly10\follett\jdk\jre\lib\jce.jar;E:\platforms\wildfly10\follett\jdk\jre\lib\charsets.jar;E:\platforms\wildfly10\follett\jdk\jre\lib\jfr.jar;E:\platforms\wildfly10\follett\jdk\jre\classes"/>
    <property name="sun.stderr.encoding" value="cp437"/>
    <property name="java.vendor" value="Oracle Corporation"/>
    <property name="maven.home" value="e:\tools\common\apache-maven-3.3.3"/>
    <property name="file.separator" value="\"/>
    <property name="java.vendor.url.bug" value="http://bugreport.sun.com/bugreport/"/>
    <property name="sun.cpu.endian" value="little"/>
    <property name="sun.io.unicode.encoding" value="UnicodeLittle"/>
    <property name="sun.stdout.encoding" value="cp437"/>
    <property name="sun.desktop" value="windows"/>
    <property name="sun.cpu.isalist" value="amd64"/>
  </properties>
  <testcase classname="com.creativewidgetworks.goldparser.engine.enums.LRActionTypeTest" name="testAllValuesCovered" time="0"/>
  <testcase classname="com.creativewidgetworks.goldparser.engine.enums.LRActionTypeTest" name="testLRActionType" time="0"/>
</testsuite>